build/app/outputs/mapping/release/seeds.txt
com.example.temp.MainActivity
com.example.temp.MainActivity: MainActivity()
...
io.flutter.embedding.engine.renderer.SurfaceTextureWrapper: android.graphics.SurfaceTexture surfaceTexture()
com.google.firebase.auth.internal.zzae: android.os.Parcelable$Creator CREATOR
io.flutter.embedding.engine.FlutterJNI: void deferredComponentInstallFailure(int,java.lang.String,boolean)
io.flutter.embedding.engine.plugins.lifecycle.HiddenLifecycleReference: HiddenLifecycleReference(androidx.lifecycle.Lifecycle)
com.google.firestore.v1.DocumentChange: com.google.protobuf.Internal$IntList removedTargetIds_
com.google.android.gms.internal.firebase-auth-api.zzez: com.google.android.gms.internal.firebase-auth-api.zzff zze
com.google.android.gms.internal.firebase-auth-api.zzji: com.google.android.gms.internal.firebase-auth-api.zzij zzf
com.google.firestore.v1.DocumentChange: com.google.protobuf.Internal$IntList targetIds_
io.flutter.embedding.android.FlutterSplashView$SavedState: FlutterSplashView$SavedState(android.os.Parcelable)
com.google.android.gms.internal.measurement.zzfc: int zzh
com.google.firestore.v1.StructuredQuery$UnaryFilter: com.google.firestore.v1.StructuredQuery$UnaryFilter DEFAULT_INSTANCE
com.google.android.gms.internal.measurement.zzgk
com.google.firestore.v1.ListenRequest: int LABELS_FIELD_NUMBER
com.google.android.gms.internal.firebase-auth-api.zznw: android.os.Parcelable$Creator CREATOR
com.google.firebase.installations.local.PersistedInstallation$RegistrationStatus: com.google.firebase.installations.local.PersistedInstallation$RegistrationStatus valueOf(java.lang.String)
com.google.android.gms.internal.measurement.zzfy: long zzn
com.google.android.gms.internal.measurement.zzfy: com.google.android.gms.internal.measurement.zzgb zzT
com.google.firebase.dynamiclinks.internal.FirebaseDynamicLinkRegistrar: java.util.List getComponents()
com.google.android.gms.internal.firebase-auth-api.zzfl: com.google.android.gms.internal.firebase-auth-api.zzyu zzg
io.flutter.embedding.engine.FlutterJNI: boolean nativeFlutterTextUtilsIsEmojiModifier(int)
com.google.android.gms.internal.measurement.zzfu
com.google.android.gms.internal.firebase-auth-api.zzvv: android.os.Parcelable$Creator CREATOR
com.google.firestore.v1.ArrayValue: int VALUES_FIELD_NUMBER
com.google.android.gms.measurement.AppMeasurement: long generateEventId()
com.google.android.gms.internal.measurement.zzex: com.google.android.gms.internal.measurement.zzke zzi
com.google.firestore.v1.DocumentTransform$FieldTransform: int APPEND_MISSING_ELEMENTS_FIELD_NUMBER
io.flutter.plugin.editing.ImeSyncDeferringInsetsCallback: boolean needsSave
com.google.firestore.v1.StructuredQuery$Order
com.google.android.gms.internal.firebase-auth-api.zzmg: android.os.Parcelable$Creator CREATOR
androidx.lifecycle.Lifecycle$Event: androidx.lifecycle.Lifecycle$Event ON_CREATE
com.google.firebase.firestore.proto.Target: int DOCUMENTS_FIELD_NUMBER
com.google.firestore.v1.StructuredQuery$CompositeFilter: int FILTERS_FIELD_NUMBER
io.flutter.embedding.engine.FlutterJNI: void nativeRunBundleAndSnapshotFromLibrary(long,java.lang.String,java.lang.String,java.lang.String,android.content.res.AssetManager)
com.google.protobuf.Timestamp: int NANOS_FIELD_NUMBER
com.google.firestore.v1.Write: com.google.firestore.v1.DocumentMask updateMask_
com.google.firestore.v1.BatchGetDocumentsRequest: int MASK_FIELD_NUMBER
io.flutter.plugins.imagepicker.CameraDevice: io.flutter.plugins.imagepicker.CameraDevice[] values()
io.grpc.internal.GrpcUtil$Http2Error: io.grpc.internal.GrpcUtil$Http2Error[] values()
io.flutter.embedding.engine.FlutterJNI: void nativePrefetchDefaultFontManager()
com.google.android.gms.internal.measurement.zzcl: android.os.Parcelable$Creator CREATOR
io.flutter.embedding.android.FlutterSurfaceView: io.flutter.embedding.engine.renderer.FlutterRenderer getAttachedRenderer()
io.flutter.view.FlutterCallbackInformation
com.google.android.gms.common.ConnectionResult: android.os.Parcelable$Creator CREATOR