build/app/outputs/mapping/release/mapping.txt
# compiler: R8
# compiler_version: 2.1.62
# min_api: 23
# pg_map_id: 6875ffb
# common_typos_disable
...
com.google.android.gms.internal.firebase-auth-api.zzyy -> b.c.a.a.e.e.jq:
    com.google.android.gms.internal.firebase-auth-api.zzyx zza -> a
    int zzd -> d
    int zzb -> b
    int zzc -> c
    void zzJ(java.util.List) -> A
    void zzH(java.util.List) -> B
    void zzy(java.util.List) -> C
    void zzv(java.util.List) -> D
    void zzF(java.util.List,com.google.android.gms.internal.firebase-auth-api.zzabl,com.google.android.gms.internal.firebase-auth-api.zzzj) -> E
    void zzG(java.util.List) -> F
    void zzE(java.util.List) -> G
    void zzA(java.util.List) -> H
    java.lang.Object zzs(com.google.android.gms.internal.firebase-auth-api.zzabl,com.google.android.gms.internal.firebase-auth-api.zzzj) -> I
    boolean zzO() -> J
    void zzM(java.util.List) -> K
    void zzC(java.util.List,com.google.android.gms.internal.firebase-auth-api.zzabl,com.google.android.gms.internal.firebase-auth-api.zzzj) -> L
    void zzx(java.util.List) -> M
    void zzI(java.util.List) -> N
    void zzz(java.util.List) -> O
    void zzw(java.util.List) -> P
    void zzD(java.util.List) -> Q
    void zzB(java.util.List) -> R
    java.lang.Object zzr(com.google.android.gms.internal.firebase-auth-api.zzabl,com.google.android.gms.internal.firebase-auth-api.zzzj) -> S
    void zzU(int) -> T
    com.google.android.gms.internal.firebase-auth-api.zzyy zzq(com.google.android.gms.internal.firebase-auth-api.zzyx) -> U
    double zza() -> a
    float zzb() -> b
    int zzc() -> c
    int zzd() -> d
com.google.android.gms.internal.firebase-auth-api.zzyz -> b.c.a.a.e.e.kq:
com.google.android.gms.internal.firebase-auth-api.zzz -> b.c.a.a.e.e.lq:
    java.util.Iterator zza(com.google.android.gms.internal.firebase-auth-api.zzae,java.lang.CharSequence) -> a
com.google.android.gms.internal.firebase-auth-api.zzza -> b.c.a.a.e.e.mq:
    int zzc -> f
    int zzd -> g
    int zzb -> e
    byte[] zza -> d
    void zzc(byte) -> I
    void zzd(int) -> J
    void zze(long) -> K
    void zzf(int) -> L
    void zzg(long) -> M
    int zzb() -> q
com.google.android.gms.internal.firebase-auth-api.zzzb -> b.c.a.a.e.e.nq:
    int zzc -> f
    int zzb -> e
    byte[] zza -> d
    void zzr(int,int) -> A
    void zzs(int) -> B
    void zzt(int,long) -> C
    void zzu(long) -> D
    void zze(byte[],int,int) -> I
    void zzp(java.lang.String) -> J
    void zza(byte[],int,int) -> a
    void zzN() -> m
    void zzO(byte) -> n
    void zzP(int,boolean) -> o
    void zzQ(int,com.google.android.gms.internal.firebase-auth-api.zzyu) -> p
    int zzb() -> q
    void zzh(int,int) -> r
    void zzi(int) -> s
    void zzj(int,long) -> t
    void zzk(long) -> u
    void zzl(int,int) -> v
    void zzm(int) -> w
    void zzn(int,com.google.android.gms.internal.firebase-auth-api.zzaaz,com.google.android.gms.internal.firebase-auth-api.zzabl) -> x
    void zzo(int,java.lang.String) -> y
    void zzq(int,int) -> z
com.google.android.gms.internal.firebase-auth-api.zzzc -> b.c.a.a.e.e.oq:
com.google.android.gms.internal.firebase-auth-api.zzzd -> b.c.a.a.e.e.pq:
    java.io.OutputStream zzf -> h
    void zzr(int,int) -> A
    void zzs(int) -> B
    void zzt(int,long) -> C
    void zzu(long) -> D
    void zzL() -> N
    void zzM(int) -> O
    void zzp(byte[],int,int) -> P
    void zzv(java.lang.String) -> Q
    void zza(byte[],int,int) -> a
    void zzN() -> m
    void zzO(byte) -> n
    void zzP(int,boolean) -> o
    void zzQ(int,com.google.android.gms.internal.firebase-auth-api.zzyu) -> p
    void zzh(int,int) -> r
    void zzi(int) -> s
    void zzj(int,long) -> t
    void zzk(long) -> u
    void zzl(int,int) -> v
    void zzm(int) -> w
    void zzn(int,com.google.android.gms.internal.firebase-auth-api.zzaaz,com.google.android.gms.internal.firebase-auth-api.zzabl) -> x
    void zzo(int,java.lang.String) -> y
    void zzq(int,int) -> z