build/app/outputs/mapping/release/usage.txt
com.example.temp.R$color
com.example.temp.BuildConfig
com.example.temp.R$style
com.example.temp.R$styleable
com.example.temp.R$xml
com.example.temp.R$id
com.example.temp.R$drawable
com.example.temp.R$string
com.example.temp.R$layout
com.example.temp.R$dimen
com.example.temp.R$attr
com.example.temp.R$mipmap
com.example.temp.R
com.example.temp.R$integer
...
com.google.api.ResourceReferenceOrBuilder
com.google.android.gms.internal.tasks.zza:
    public void <init>()
io.grpc.LoadBalancer:
    public void handleResolvedAddressGroups(java.util.List,io.grpc.Attributes)
    public void handleSubchannelState(io.grpc.LoadBalancer$Subchannel,io.grpc.ConnectivityStateInfo)
    private int recursionCount
com.google.common.graph.MapIteratorCache$1
com.google.common.graph.DirectedGraphConnections$3$2
com.google.firestore.v1.Target$DocumentsTarget:
    private void setDocuments(int,java.lang.String)
    private void addAllDocuments(java.lang.Iterable)
    private void clearDocuments()
    private void addDocumentsBytes(com.google.protobuf.ByteString)
    public static com.google.firestore.v1.Target$DocumentsTarget parseFrom(java.nio.ByteBuffer)
    public static com.google.firestore.v1.Target$DocumentsTarget parseFrom(java.nio.ByteBuffer,com.google.protobuf.ExtensionRegistryLite)
    public static com.google.firestore.v1.Target$DocumentsTarget parseFrom(com.google.protobuf.ByteString)
    public static com.google.firestore.v1.Target$DocumentsTarget parseFrom(com.google.protobuf.ByteString,com.google.protobuf.ExtensionRegistryLite)
    public static com.google.firestore.v1.Target$DocumentsTarget parseFrom(byte[])
    public static com.google.firestore.v1.Target$DocumentsTarget parseFrom(byte[],com.google.protobuf.ExtensionRegistryLite)
    public static com.google.firestore.v1.Target$DocumentsTarget parseFrom(java.io.InputStream)
    public static com.google.firestore.v1.Target$DocumentsTarget parseFrom(java.io.InputStream,com.google.protobuf.ExtensionRegistryLite)
    public static com.google.firestore.v1.Target$DocumentsTarget parseDelimitedFrom(java.io.InputStream)
    public static com.google.firestore.v1.Target$DocumentsTarget parseDelimitedFrom(java.io.InputStream,com.google.protobuf.ExtensionRegistryLite)
io.grpc.NameResolver$Args:
    public java.util.concurrent.ScheduledExecutorService getScheduledExecutorService()
    public io.grpc.ChannelLogger getChannelLogger()
    public io.grpc.NameResolver$Args$Builder toBuilder()
androidx.collection.ContainerHelpers:
    public static int idealLongArraySize(int)
    static int binarySearch(long[],int,long)
    private void <init>()
io.grpc.util.TransmitStatusRuntimeExceptionInterceptor$1
io.grpc.LoadBalancer$Subchannel:
    public io.grpc.Channel asChannel()
    public io.grpc.ChannelLogger getChannelLogger()
com.google.android.gms.internal.safetynet.zzu
com.squareup.okhttp.RequestBody$3
com.google.api.AnnotationsProto
com.google.android.gms.common.internal.service.zac
com.google.common.cache.LocalCache$EntryFactory$6
androidx.annotation.experimental.UseExperimental
com.google.firebase.measurement.R
androidx.core.view.ViewCompat$ScrollAxis
com.google.common.collect.Multimaps$TransformedEntriesMultimap
androidx.annotation.HalfFloat
kotlin.jvm.internal.TypeParameterReference$Companion$WhenMappings
com.google.android.gms.safetynet.SafetyNetApi$RecaptchaTokenResponse
com.google.rpc.QuotaFailure$Builder
com.google.android.gms.internal.firebase-auth-api.zzfg:
    static void <clinit>()
    static final synthetic int[] zza
okio.Okio$3
com.google.common.collect.Range$LowerBoundFn
kotlin.collections.UByteIterator
com.google.firebase.installations.RandomFidGenerator:
    private static final int FID_LENGTH
com.google.common.collect.AbstractMapBasedMultimap$NavigableAsMap
com.google.common.collect.ContiguousSet
com.google.protobuf.Mixin
com.google.android.gms.common.api.internal.zav
io.grpc.ServerInterceptors
com.google.apphosting.datastore.testing.DatastoreTestTrace$ParallelTestTraceOrBuilder
com.google.common.base.PairwiseEquivalence
kotlin.jvm.internal.TypeReference
com.google.common.cache.LongAddable
com.google.common.eventbus.Dispatcher$ImmediateDispatcher
kotlin.sequences.SequencesKt__SequencesKt$flatten$3
androidx.annotation.LayoutRes
com.google.firebase.installations.R$drawable
com.google.api.Page
com.google.gson.internal.bind.TypeAdapters$2